生成启动时间为 2017/6/5 11:57:01。
     1>项目“C:\Users\Jin_fj\Desktop\ScanLineAlgorithm2\ScanLineAlgorithm\ScanLineAlgorithm.vcxproj”在节点 2 上(Build 个目标)。
     1>C:\Program Files (x86)\MSBuild\Microsoft.Cpp\v4.0\V120\Microsoft.CppBuild.targets(935,5): warning MSB8027: Two or more files with the name of moc_scanline.cpp will produce outputs to the same location. This can lead to an incorrect build result.  The files involved are GeneratedFiles\Debug\moc_scanline.cpp, GeneratedFiles\Release\moc_scanline.cpp.
     1>C:\Program Files (x86)\MSBuild\Microsoft.Cpp\v4.0\V120\Microsoft.CppBuild.targets(935,5): warning MSB8027: Two or more files with the name of moc_scanlinealgorithm.cpp will produce outputs to the same location. This can lead to an incorrect build result.  The files involved are GeneratedFiles\Debug\moc_scanlinealgorithm.cpp, GeneratedFiles\Release\moc_scanlinealgorithm.cpp.
     1>ClCompile:
         E:\VS\VC\bin\CL.exe /c /I.\GeneratedFiles /I. /IE:\QT\5.7\msvc2013\include /I.\GeneratedFiles\Debug /IE:\QT\5.7\msvc2013\include\QtCore /IE:\QT\5.7\msvc2013\include\QtGui /IE:\QT\5.7\msvc2013\include\QtWidgets /Zi /nologo /W1 /WX- /Od /Oy- /D UNICODE /D WIN32 /D WIN64 /D QT_DLL /D QT_CORE_LIB /D QT_GUI_LIB /D QT_WIDGETS_LIB /Gm- /EHsc /MDd /GS /fp:precise /Zc:wchar_t /Zc:forScope /Fo"Debug\\" /Fd"Debug\vc120.pdb" /Gd /TP /analyze- /errorReport:prompt scanlinealgorithm.cpp
         scanlinealgorithm.cpp
       Link:
         E:\VS\VC\bin\link.exe /ERRORREPORT:PROMPT /OUT:"C:\Users\Jin_fj\Desktop\ScanLineAlgorithm2\Win32\Debug\\ScanLineAlgorithm.exe" /NOLOGO /LIBPATH:E:\QT\5.7\msvc2013\lib qtmaind.lib Qt5Cored.lib Qt5Guid.lib Qt5Widgetsd.lib kernel32.lib user32.lib gdi32.lib winspool.lib comdlg32.lib advapi32.lib shell32.lib ole32.lib oleaut32.lib uuid.lib odbc32.lib odbccp32.lib /MANIFEST /MANIFESTUAC:"level='asInvoker' uiAccess='false'" /manifest:embed /DEBUG /PDB:"C:\Users\Jin_fj\Desktop\ScanLineAlgorithm2\Win32\Debug\ScanLineAlgorithm.pdb" /SUBSYSTEM:WINDOWS /TLBID:1 /DYNAMICBASE /NXCOMPAT /IMPLIB:"C:\Users\Jin_fj\Desktop\ScanLineAlgorithm2\Win32\Debug\ScanLineAlgorithm.lib" /MACHINE:X86 /SAFESEH Debug\Figure.obj
         Debug\Free.obj
         Debug\moc_scanline.obj
         Debug\moc_scanlinealgorithm.obj
         Debug\qrc_scanlinealgorithm.obj
         Debug\main.obj
         Debug\scanline.obj
         Debug\scanlinealgorithm.obj
         ScanLineAlgorithm.vcxproj -> C:\Users\Jin_fj\Desktop\ScanLineAlgorithm2\Win32\Debug\ScanLineAlgorithm.exe
     1>已完成生成项目“C:\Users\Jin_fj\Desktop\ScanLineAlgorithm2\ScanLineAlgorithm\ScanLineAlgorithm.vcxproj”(Build 个目标)的操作。

生成成功。

已用时间 00:00:01.69
