c:\users\jin_fj\desktop\scanlinealgorithm\scanlinealgorithm\debug\vc120.pdb
c:\users\jin_fj\desktop\scanlinealgorithm\scanlinealgorithm\debug\scanlinealgorithm.obj
c:\users\jin_fj\desktop\scanlinealgorithm\scanlinealgorithm\debug\main.obj
c:\users\jin_fj\desktop\scanlinealgorithm\scanlinealgorithm\debug\moc_scanlinealgorithm.obj
c:\users\jin_fj\desktop\scanlinealgorithm\scanlinealgorithm\debug\moc_scanline.obj
c:\users\jin_fj\desktop\scanlinealgorithm\scanlinealgorithm\debug\free.obj
c:\users\jin_fj\desktop\scanlinealgorithm\scanlinealgorithm\debug\figure.obj
c:\users\jin_fj\desktop\scanlinealgorithm\scanlinealgorithm\debug\qrc_scanlinealgorithm.obj
c:\users\jin_fj\desktop\scanlinealgorithm\scanlinealgorithm\debug\scanline.obj
c:\users\jin_fj\desktop\scanlinealgorithm2\scanlinealgorithm\debug\vc120.pdb
c:\users\jin_fj\desktop\scanlinealgorithm2\scanlinealgorithm\debug\scanlinealgorithm.obj
c:\users\jin_fj\desktop\scanlinealgorithm2\scanlinealgorithm\debug\scanline.obj
c:\users\jin_fj\desktop\scanlinealgorithm2\scanlinealgorithm\debug\main.obj
c:\users\jin_fj\desktop\scanlinealgorithm2\scanlinealgorithm\debug\moc_scanlinealgorithm.obj
c:\users\jin_fj\desktop\scanlinealgorithm2\scanlinealgorithm\debug\moc_scanline.obj
c:\users\jin_fj\desktop\scanlinealgorithm2\scanlinealgorithm\debug\free.obj
c:\users\jin_fj\desktop\scanlinealgorithm2\scanlinealgorithm\debug\figure.obj
c:\users\jin_fj\desktop\scanlinealgorithm2\scanlinealgorithm\debug\qrc_scanlinealgorithm.obj
c:\users\jin_fj\desktop\scanlinealgorithm\scanlinealgorithm\generatedfiles\debug\moc_scanlinealgorithm.cpp
c:\users\jin_fj\desktop\scanlinealgorithm\scanlinealgorithm\generatedfiles\ui_scanlinealgorithm.h
c:\users\jin_fj\desktop\scanlinealgorithm\scanlinealgorithm\generatedfiles\qrc_scanlinealgorithm.cpp
c:\users\jin_fj\desktop\scanlinealgorithm\scanlinealgorithm\generatedfiles\debug\moc_scanline.cpp
c:\users\jin_fj\desktop\scanlinealgorithm2\scanlinealgorithm\generatedfiles\debug\moc_scanlinealgorithm.cpp
c:\users\jin_fj\desktop\scanlinealgorithm2\scanlinealgorithm\generatedfiles\ui_scanlinealgorithm.h
c:\users\jin_fj\desktop\scanlinealgorithm2\scanlinealgorithm\generatedfiles\debug\moc_scanline.cpp
c:\users\jin_fj\desktop\scanlinealgorithm2\scanlinealgorithm\generatedfiles\qrc_scanlinealgorithm.cpp
c:\users\jin_fj\desktop\scanlinealgorithm\win32\debug\scanlinealgorithm.ilk
c:\users\jin_fj\desktop\scanlinealgorithm\win32\debug\scanlinealgorithm.exe
c:\users\jin_fj\desktop\scanlinealgorithm\win32\debug\scanlinealgorithm.pdb
c:\users\jin_fj\desktop\scanlinealgorithm2\win32\debug\scanlinealgorithm.pdb
c:\users\jin_fj\desktop\scanlinealgorithm2\scanlinealgorithm\debug\scanline.b12702ad.tlog\cl.command.1.tlog
c:\users\jin_fj\desktop\scanlinealgorithm2\scanlinealgorithm\debug\scanline.b12702ad.tlog\cl.read.1.tlog
c:\users\jin_fj\desktop\scanlinealgorithm2\scanlinealgorithm\debug\scanline.b12702ad.tlog\cl.write.1.tlog
c:\users\jin_fj\desktop\scanlinealgorithm2\scanlinealgorithm\debug\scanline.b12702ad.tlog\custombuild.command.1.tlog
c:\users\jin_fj\desktop\scanlinealgorithm2\scanlinealgorithm\debug\scanline.b12702ad.tlog\custombuild.read.1.tlog
c:\users\jin_fj\desktop\scanlinealgorithm2\scanlinealgorithm\debug\scanline.b12702ad.tlog\custombuild.write.1.tlog
c:\users\jin_fj\desktop\scanlinealgorithm2\scanlinealgorithm\debug\scanline.b12702ad.tlog\link-cvtres.read.1.tlog
c:\users\jin_fj\desktop\scanlinealgorithm2\scanlinealgorithm\debug\scanline.b12702ad.tlog\link-cvtres.write.1.tlog
c:\users\jin_fj\desktop\scanlinealgorithm2\scanlinealgorithm\debug\scanline.b12702ad.tlog\link-rc.read.1.tlog
c:\users\jin_fj\desktop\scanlinealgorithm2\scanlinealgorithm\debug\scanline.b12702ad.tlog\link-rc.write.1.tlog
c:\users\jin_fj\desktop\scanlinealgorithm2\scanlinealgorithm\debug\scanline.b12702ad.tlog\link.command.1.tlog
c:\users\jin_fj\desktop\scanlinealgorithm2\scanlinealgorithm\debug\scanline.b12702ad.tlog\link.read.1.tlog
c:\users\jin_fj\desktop\scanlinealgorithm2\scanlinealgorithm\debug\scanline.b12702ad.tlog\link.write.1.tlog
